<?xml version="1.0" encoding="UTF-8"?>
<testsuite name="createuser.CreateUserRunner" tests="0" skipped="0" failures="0" errors="0" timestamp="1970-01-01T00:00:00" hostname="SQAT1MDEWIN61" time="0.0">
  <properties/>
  <system-out><![CDATA[14:37:51.193 [Test worker] WARN com.intuit.karate - skipping bootstrap configuration: could not find or read file: classpath:karate-config.js
---------------------------------------------------------
feature: src/test/java/createuser/create_user.feature
scenarios:  1 | passed:  0 | failed:  1 | time: 0,0068
---------------------------------------------------------

HTML report: (paste into browser to view) | Karate version: 0.9.5
file:/C:/Users/pcc/Downloads/Servicios_Swagger_Karate/build/surefire-reports/src.test.java.createuser.create_user.html
---------------------------------------------------------

]]></system-out>
  <system-err><![CDATA[]]></system-err>
</testsuite>
