<?xml version="1.0" encoding="UTF-8"?>
<testsuite name="Calculadora Rest" tests="1" skipped="0" failures="0" errors="0" timestamp="2020-07-09T03:51:17" hostname="SQAT1MDEWIN61" time="4.057">
  <properties/>
  <testcase name="Envio operacion exitosa" classname="Calculadora Rest" time="4.057"/>
  <system-out><![CDATA[]]></system-out>
  <system-err><![CDATA[[Test worker] INFO net.thucydides.core.steps.ConsoleLoggingListener - 
        __    _____ _____ ____ _____   ____   _    ____  ____  _____ ____  
  _     \ \  |_   _| ____/ ___|_   _| |  _ \ / \  / ___|/ ___|| ____|  _ \ 
 (_)_____| |   | | |  _| \___ \ | |   | |_) / _ \ \___ \\___ \|  _| | | | |
  _|_____| |   | | | |___ ___) || |   |  __/ ___ \ ___) |___) | |___| |_| |
 (_)     | |   |_| |_____|____/ |_|   |_| /_/   \_\____/|____/|_____|____/ 
        /_/                                                                

TEST PASSED: Envio operacion exitosa
----------------------------------------------------------------------------
]]></system-err>
</testsuite>
