<?xml version="1.0" encoding="UTF-8"?>
<testsuite name="Agregar una mascota a la tienda" tests="1" skipped="0" failures="0" errors="0" timestamp="2020-07-15T19:19:08" hostname="SQAT1MDEWIN61" time="6.041">
  <properties/>
  <testcase name="pedido de una mascota exitoso" classname="Agregar una mascota a la tienda" time="6.041"/>
  <system-out><![CDATA[]]></system-out>
  <system-err><![CDATA[[Test worker] INFO net.thucydides.core.steps.ConsoleLoggingListener - 
        __    _____ _____ ____ _____   ____   _    ____  ____  _____ ____  
  _     \ \  |_   _| ____/ ___|_   _| |  _ \ / \  / ___|/ ___|| ____|  _ \ 
 (_)_____| |   | | |  _| \___ \ | |   | |_) / _ \ \___ \\___ \|  _| | | | |
  _|_____| |   | | | |___ ___) || |   |  __/ ___ \ ___) |___) | |___| |_| |
 (_)     | |   |_| |_____|____/ |_|   |_| /_/   \_\____/|____/|_____|____/ 
        /_/                                                                

TEST PASSED: pedido de una mascota exitoso
----------------------------------------------------------------------------
]]></system-err>
</testsuite>
